      vehA       0.10 VehicleController found in Facilities
      vehA       0.10 LocalEnvironmentModel found in Facilities
      vehA       0.10 CollisionWarningService initialized
      vehA       0.26 Total objects detected: 0
      vehA       0.36 Total objects detected: 0
      vehA       0.46 Total objects detected: 0
      vehA       0.56 Total objects detected: 0
      vehA       0.66 Total objects detected: 0
      vehA       0.76 Total objects detected: 0
      vehA       0.86 Total objects detected: 0
      vehA       0.96 Total objects detected: 0
      vehA       1.06 Total objects detected: 0
      vehA       1.16 Total objects detected: 0
      vehA       1.26 Total objects detected: 0
      vehA       1.36 Total objects detected: 0
      vehA       1.46 Total objects detected: 0
      vehA       1.56 Total objects detected: 0
      vehA       1.66 Total objects detected: 0
      vehA       1.76 Total objects detected: 0
      vehA       1.86 Total objects detected: 0
      vehA       1.96 Total objects detected: 0
      vehA       2.06 Total objects detected: 0
      vehA       2.16 Total objects detected: 0
      vehA       2.26 Total objects detected: 0
      vehA       2.36 Total objects detected: 0
      vehA       2.46 Total objects detected: 0
      vehA       2.56 Total objects detected: 0
      vehA       2.66 Total objects detected: 0
      vehA       2.76 Total objects detected: 0
      vehA       2.86 Total objects detected: 0
      vehA       2.96 Total objects detected: 0
      vehA       3.06 Total objects detected: 0
      vehA       3.16 Total objects detected: 0
      vehA       3.26 Total objects detected: 0
      vehA       3.36 Total objects detected: 0
      vehA       3.46 Total objects detected: 0
      vehA       3.56 Total objects detected: 0
      vehA       3.66 Total objects detected: 0
      vehA       3.76 Total objects detected: 0
      vehA       3.86 Total objects detected: 0
      vehA       3.96 Total objects detected: 0
      vehA       4.06 Total objects detected: 0
      vehA       4.16 Total objects detected: 0
      vehA       4.26 Total objects detected: 0
      vehA       4.36 Total objects detected: 0
      vehA       4.46 Total objects detected: 0
      vehA       4.56 Total objects detected: 0
      vehA       4.66 Total objects detected: 0
      vehA       4.76 Total objects detected: 0
      vehA       4.86 Total objects detected: 0
      vehA       4.96 Total objects detected: 0
      vehA       5.06 Total objects detected: 0
      vehA       5.16 Total objects detected: 0
      vehA       5.26 Total objects detected: 1
      vehA       5.26 Processing object ID: 1
  Position: (1751.843489, 9353.797428)
  Distance: 53.785746 m
  Calculating Time To Collision...
      vehA       5.26 Processing object ID: 1
  Position: (1751.843489, 9353.797428)
  Distance: 53.785746 m
  Calculated TTC: infs
  Decision: No significant risk detected
      vehA       5.26 
      vehA       5.36 Total objects detected: 1
      vehA       5.36 Processing object ID: 1
  Position: (1753.745557, 9351.460601)
  Distance: 52.296774 m
  Calculating Time To Collision...
      vehA       5.36 Processing object ID: 1
  Position: (1753.745557, 9351.460601)
  Distance: 52.296774 m
  Calculated TTC: infs
  Decision: No significant risk detected
      vehA       5.36 
      vehA       5.46 Total objects detected: 1
      vehA       5.46 Processing object ID: 1
  Position: (1755.656844, 9349.112449)
  Distance: 50.810145 m
  Calculating Time To Collision...
      vehA       5.46 Processing object ID: 1
  Position: (1755.656844, 9349.112449)
  Distance: 50.810145 m
  Calculated TTC: infs
  Decision: No significant risk detected
      vehA       5.46 
      vehA       5.56 Total objects detected: 1
      vehA       5.56 Processing object ID: 1
  Position: (1757.577698, 9346.752542)
  Distance: 49.326264 m
  Calculating Time To Collision...
      vehA       5.56 Processing object ID: 1
  Position: (1757.577698, 9346.752542)
  Distance: 49.326264 m
  Calculated TTC: infs
  Decision: No significant risk detected
      vehA       5.56 
      vehA       5.66 Total objects detected: 1
      vehA       5.66 Processing object ID: 1
  Position: (1759.509556, 9344.379116)
  Distance: 47.843327 m
  Calculating Time To Collision...
      vehA       5.66 Processing object ID: 1
  Position: (1759.509556, 9344.379116)
  Distance: 47.843327 m
  Calculated TTC: infs
  Decision: No significant risk detected
      vehA       5.66 
      vehA       5.76 Total objects detected: 1
      vehA       5.76 Processing object ID: 1
  Position: (1761.451781, 9341.992955)
  Distance: 46.364492 m
  Calculating Time To Collision...
      vehA       5.76 Processing object ID: 1
  Position: (1761.451781, 9341.992955)
  Distance: 46.364492 m
  Calculated TTC: infs
  Decision: No significant risk detected
      vehA       5.76 
      vehA       5.86 Total objects detected: 1
      vehA       5.86 Processing object ID: 1
  Position: (1763.408340, 9339.589182)
  Distance: 44.883714 m
  Calculating Time To Collision...
      vehA       5.86 Processing object ID: 1
  Position: (1763.408340, 9339.589182)
  Distance: 44.883714 m
  Calculated TTC: infs
  Decision: No significant risk detected
      vehA       5.86 
      vehA       5.96 Total objects detected: 1
      vehA       5.96 Processing object ID: 1
  Position: (1765.376906, 9337.170658)
  Distance: 43.402301 m
  Calculating Time To Collision...
      vehA       5.96 Processing object ID: 1
  Position: (1765.376906, 9337.170658)
  Distance: 43.402301 m
  Calculated TTC: infs
  Decision: No significant risk detected
      vehA       5.96 
      vehA       6.06 Total objects detected: 1
      vehA       6.06 Processing object ID: 1
  Position: (1767.361864, 9334.731995)
  Distance: 41.909237 m
  Calculating Time To Collision...
      vehA       6.06 Processing object ID: 1
  Position: (1767.361864, 9334.731995)
  Distance: 41.909237 m
  Calculated TTC: infs
  Decision: No significant risk detected
      vehA       6.06 
      vehA       6.16 Total objects detected: 1
      vehA       6.16 Processing object ID: 1
  Position: (1769.363116, 9332.273314)
  Distance: 40.414979 m
  Calculating Time To Collision...
      vehA       6.16 Processing object ID: 1
  Position: (1769.363116, 9332.273314)
  Distance: 40.414979 m
  Calculated TTC: infs
  Decision: No significant risk detected
      vehA       6.16 
      vehA       6.26 Total objects detected: 1
      vehA       6.26 Processing object ID: 1
  Position: (1771.378574, 9329.797181)
  Distance: 38.923796 m
  Calculating Time To Collision...
      vehA       6.26 Processing object ID: 1
  Position: (1771.378574, 9329.797181)
  Distance: 38.923796 m
  Calculated TTC: infs
  Decision: No significant risk detected
      vehA       6.26 
      vehA       6.36 Total objects detected: 1
      vehA       6.36 Processing object ID: 1
  Position: (1773.407763, 9327.304177)
  Distance: 37.425829 m
  Calculating Time To Collision...
      vehA       6.36 Processing object ID: 1
  Position: (1773.407763, 9327.304177)
  Distance: 37.425829 m
  Calculated TTC: infs
  Decision: No significant risk detected
      vehA       6.36 
      vehA       6.46 Total objects detected: 1
      vehA       6.46 Processing object ID: 1
  Position: (1775.445533, 9324.800631)
  Distance: 35.935995 m
  Calculating Time To Collision...
      vehA       6.46 Processing object ID: 1
  Position: (1775.445533, 9324.800631)
  Distance: 35.935995 m
  Calculated TTC: infs
  Decision: No significant risk detected
      vehA       6.46 
      vehA       6.56 Total objects detected: 1
      vehA       6.56 Processing object ID: 1
  Position: (1777.496069, 9322.281400)
  Distance: 34.449189 m
  Calculating Time To Collision...
      vehA       6.56 Processing object ID: 1
  Position: (1777.496069, 9322.281400)
  Distance: 34.449189 m
  Calculated TTC: infs
  Decision: No significant risk detected
      vehA       6.56 
      vehA       6.66 Total objects detected: 1
      vehA       6.66 Processing object ID: 1
  Position: (1779.562181, 9319.743035)
  Distance: 32.957878 m
  Calculating Time To Collision...
      vehA       6.66 Processing object ID: 1
  Position: (1779.562181, 9319.743035)
  Distance: 32.957878 m
  Calculated TTC: infs
  Decision: No significant risk detected
      vehA       6.66 
      vehA       6.76 Total objects detected: 1
      vehA       6.76 Processing object ID: 1
  Position: (1781.640152, 9317.190099)
  Distance: 31.464843 m
  Calculating Time To Collision...
      vehA       6.76 Processing object ID: 1
  Position: (1781.640152, 9317.190099)
  Distance: 31.464843 m
  Calculated TTC: infs
  Decision: No significant risk detected
      vehA       6.76 
      vehA       6.86 Total objects detected: 1
      vehA       6.86 Processing object ID: 1
  Position: (1783.762165, 9314.649742)
  Distance: 29.975776 m
  Calculating Time To Collision...
      vehA       6.86 Processing object ID: 1
  Position: (1783.762165, 9314.649742)
  Distance: 29.975776 m
  Calculated TTC: infs
  Decision: No significant risk detected
      vehA       6.86 
      vehA       6.96 Total objects detected: 1
      vehA       6.96 Processing object ID: 1
  Position: (1785.928818, 9312.130462)
  Distance: 28.484724 m
  Calculating Time To Collision...
      vehA       6.96 Processing object ID: 1
  Position: (1785.928818, 9312.130462)
  Distance: 28.484724 m
  Calculated TTC: infs
  Decision: No significant risk detected
      vehA       6.96 
      vehA       7.06 Total objects detected: 1
      vehA       7.06 Processing object ID: 1
  Position: (1788.140747, 9309.648091)
  Distance: 27.000133 m
  Calculating Time To Collision...
      vehA       7.06 Processing object ID: 1
  Position: (1788.140747, 9309.648091)
  Distance: 27.000133 m
  Calculated TTC: infs
  Decision: No significant risk detected
      vehA       7.06 
      vehA       7.16 Total objects detected: 1
      vehA       7.16 Processing object ID: 1
  Position: (1790.353448, 9307.164852)
  Distance: 25.533548 m
  Calculating Time To Collision...
      vehA       7.16 Processing object ID: 1
  Position: (1790.353448, 9307.164852)
  Distance: 25.533548 m
  Calculated TTC: infs
  Decision: No significant risk detected
      vehA       7.16 
      vehA       7.26 Total objects detected: 1
      vehA       7.26 Processing object ID: 1
  Position: (1792.565487, 9304.682356)
  Distance: 24.082344 m
  Calculating Time To Collision...
      vehA       7.26 Processing object ID: 1
  Position: (1792.565487, 9304.682356)
  Distance: 24.082344 m
  Calculated TTC: infs
  Decision: No significant risk detected
      vehA       7.26 
      vehA       7.36 Total objects detected: 1
      vehA       7.36 Processing object ID: 1
  Position: (1794.775911, 9302.201672)
  Distance: 22.651607 m
  Calculating Time To Collision...
      vehA       7.36 Processing object ID: 1
  Position: (1794.775911, 9302.201672)
  Distance: 22.651607 m
  Calculated TTC: infs
  Decision: No significant risk detected
      vehA       7.36 
      vehA       7.46 Total objects detected: 1
      vehA       7.46 Processing object ID: 1
  Position: (1796.987047, 9299.720191)
  Distance: 21.241736 m
  Calculating Time To Collision...
      vehA       7.46 Processing object ID: 1
  Position: (1796.987047, 9299.720191)
  Distance: 21.241736 m
  Calculated TTC: infs
  Decision: No significant risk detected
      vehA       7.46 
      vehA       7.56 Total objects detected: 1
      vehA       7.56 Processing object ID: 1
  Position: (1799.197140, 9297.239878)
  Distance: 19.852864 m
  Calculating Time To Collision...
      vehA       7.56 Processing object ID: 1
  Position: (1799.197140, 9297.239878)
  Distance: 19.852864 m
  Calculated TTC: infs
  Decision: No significant risk detected
      vehA       7.56 
      vehA       7.66 Total objects detected: 1
      vehA       7.66 Processing object ID: 1
  Position: (1801.410775, 9294.755591)
  Distance: 18.484902 m
  Calculating Time To Collision...
      vehA       7.66 Processing object ID: 1
  Position: (1801.410775, 9294.755591)
  Distance: 18.484902 m
  Calculated TTC: infs
  Decision: No significant risk detected
      vehA       7.66 
      vehA       7.76 Total objects detected: 1
      vehA       7.76 Processing object ID: 1
  Position: (1803.626481, 9292.268981)
  Distance: 17.130120 m
  Calculating Time To Collision...
      vehA       7.76 Processing object ID: 1
  Position: (1803.626481, 9292.268981)
  Distance: 17.130120 m
  Calculated TTC: infs
  Decision: No significant risk detected
      vehA       7.76 
      vehA       7.86 Total objects detected: 1
      vehA       7.86 Processing object ID: 1
  Position: (1805.840847, 9289.783873)
  Distance: 15.803217 m
  Calculating Time To Collision...
      vehA       7.86 Processing object ID: 1
  Position: (1805.840847, 9289.783873)
  Distance: 15.803217 m
  Calculated TTC: infs
  Decision: No significant risk detected
      vehA       7.86 
      vehA       7.96 Total objects detected: 1
      vehA       7.96 Processing object ID: 1
  Position: (1808.055552, 9287.298385)
  Distance: 14.493427 m
  Calculating Time To Collision...
      vehA       7.96 Processing object ID: 1
  Position: (1808.055552, 9287.298385)
  Distance: 14.493427 m
  Calculated TTC: infs
  Decision: No significant risk detected
      vehA       7.96 
      vehA       8.06 Total objects detected: 1
      vehA       8.06 Processing object ID: 1
  Position: (1810.267757, 9284.815703)
  Distance: 13.209234 m
  Calculating Time To Collision...
      vehA       8.06 Processing object ID: 1
  Position: (1810.267757, 9284.815703)
  Distance: 13.209234 m
  Calculated TTC: infs
  Decision: No significant risk detected
      vehA       8.06 
      vehA       8.16 Total objects detected: 1
      vehA       8.16 Processing object ID: 1
  Position: (1812.483810, 9282.328702)
  Distance: 11.949462 m
  Calculating Time To Collision...
      vehA       8.16 Processing object ID: 1
  Position: (1812.483810, 9282.328702)
  Distance: 11.949462 m
  Calculated TTC: infs
  Decision: No significant risk detected
      vehA       8.16 
      vehA       8.26 Total objects detected: 1
      vehA       8.26 Processing object ID: 1
  Position: (1814.696179, 9279.845836)
  Distance: 10.744509 m
  Calculating Time To Collision...
      vehA       8.26 Processing object ID: 1
  Position: (1814.696179, 9279.845836)
  Distance: 10.744509 m
  Calculated TTC: infs
  Decision: No significant risk detected
      vehA       8.26 
      vehA       8.36 Total objects detected: 1
      vehA       8.36 Processing object ID: 1
  Position: (1816.909717, 9277.361658)
  Distance: 9.577586 m
  Calculating Time To Collision...
      vehA       8.36 Processing object ID: 1
  Position: (1816.909717, 9277.361658)
  Distance: 9.577586 m
  Calculated TTC: infs
  Decision: No significant risk detected
      vehA       8.36 
      vehA       8.46 Total objects detected: 1
      vehA       8.46 Processing object ID: 1
  Position: (1819.141877, 9274.898412)
  Distance: 8.449977 m
  Calculating Time To Collision...
      vehA       8.46 Processing object ID: 1
  Position: (1819.141877, 9274.898412)
  Distance: 8.449977 m
  Calculated TTC: infs
  Decision: No significant risk detected
      vehA       8.46 
      vehA       8.56 Total objects detected: 1
      vehA       8.56 Processing object ID: 1
  Position: (1821.400691, 9272.464941)
  Distance: 7.358307 m
  Calculating Time To Collision...
      vehA       8.56 Processing object ID: 1
  Position: (1821.400691, 9272.464941)
  Distance: 7.358307 m
  Calculated TTC: infs
  Decision: No significant risk detected
      vehA       8.56 
      vehA       8.66 Total objects detected: 1
      vehA       8.66 Processing object ID: 1
  Position: (1823.705155, 9270.064233)
  Distance: 6.300027 m
  Calculating Time To Collision...
      vehA       8.66 Processing object ID: 1
  Position: (1823.705155, 9270.064233)
  Distance: 6.300027 m
  Calculated TTC: infs
  Decision: No significant risk detected
      vehA       8.66 
      vehA       8.76 Total objects detected: 1
      vehA       8.76 Processing object ID: 1
  Position: (1826.010851, 9267.662242)
  Distance: 5.315133 m
  Calculating Time To Collision...
      vehA       8.76 Processing object ID: 1
  Position: (1826.010851, 9267.662242)
  Distance: 5.315133 m
  Calculated TTC: infs
  Decision: No significant risk detected
      vehA       8.76 
      vehA       8.86 Total objects detected: 0
      vehA       8.96 Total objects detected: 0
      vehA       9.06 Total objects detected: 0
      vehA       9.16 Total objects detected: 0
      vehA       9.26 Total objects detected: 0
      vehA       9.36 Total objects detected: 0
      vehA       9.46 Total objects detected: 0
      vehA       9.56 Total objects detected: 0
      vehA       9.66 Total objects detected: 0
      vehA       9.76 Total objects detected: 0
      vehA       9.86 Total objects detected: 0
      vehA       9.96 Total objects detected: 0
      vehA      10.06 Total objects detected: 0
      vehA      10.16 Total objects detected: 0
      vehA      10.26 Total objects detected: 0
