      vehA       0.10 VehicleController found in Facilities
      vehA       0.10 LocalEnvironmentModel found in Facilities
      vehA       0.10 CollisionWarningService initialized
      vehA       0.26 Total objects detected: 0
      vehA       0.36 Total objects detected: 0
      vehA       0.46 Total objects detected: 0
      vehA       0.56 Total objects detected: 0
      vehA       0.66 Total objects detected: 0
      vehA       0.76 Total objects detected: 0
      vehA       0.86 Total objects detected: 0
      vehA       0.96 Total objects detected: 0
      vehA       1.06 Total objects detected: 0
      vehA       1.16 Total objects detected: 0
      vehA       1.26 Total objects detected: 0
      vehA       1.36 Total objects detected: 0
      vehA       1.46 Total objects detected: 0
      vehA       1.56 Total objects detected: 0
      vehA       1.66 Total objects detected: 0
      vehA       1.76 Total objects detected: 0
      vehA       1.86 Total objects detected: 0
      vehA       1.96 Total objects detected: 0
      vehA       2.06 Total objects detected: 0
      vehA       2.16 Total objects detected: 0
      vehA       2.26 Total objects detected: 0
      vehA       2.36 Total objects detected: 0
      vehA       2.46 Total objects detected: 0
      vehA       2.56 Total objects detected: 0
      vehA       2.66 Total objects detected: 0
      vehA       2.76 Total objects detected: 0
      vehA       2.86 Total objects detected: 0
      vehA       2.96 Total objects detected: 0
      vehA       3.06 Total objects detected: 0
      vehA       3.16 Total objects detected: 0
      vehA       3.26 Total objects detected: 0
      vehA       3.36 Total objects detected: 0
      vehA       3.46 Total objects detected: 0
      vehA       3.56 Total objects detected: 0
      vehA       3.66 Total objects detected: 0
      vehA       3.76 Total objects detected: 0
      vehA       3.86 Total objects detected: 0
      vehA       3.96 Total objects detected: 0
      vehA       4.06 Total objects detected: 0
      vehA       4.16 Total objects detected: 0
      vehA       4.26 Total objects detected: 0
      vehA       4.36 Total objects detected: 0
      vehA       4.46 Total objects detected: 0
      vehA       4.56 Total objects detected: 0
      vehA       4.66 Total objects detected: 0
      vehA       4.76 Total objects detected: 0
      vehA       4.86 Total objects detected: 0
      vehA       4.96 Total objects detected: 0
      vehA       5.06 Total objects detected: 0
      vehA       5.16 Total objects detected: 0
      vehA       5.26 Total objects detected: 1
      vehA       5.26 Processing object ID: 1
  Position: (1751.843489, 9353.797428)
  Distance: 53.785746 m
  Calculating Time To Collision...
      vehA       5.26 Calculating TTC:
  Host position: (1788.32, 9314.27)
  Host speed: 15.0143 m/s
  Detected object not found. Returning infinity.

      vehA       5.26 Processing object ID: 1
  Position: (1751.843489, 9353.797428)
  Distance: 53.785746 m
  Calculated TTC: infs
  Decision: No significant risk detected
      vehA       5.26 
      vehA       5.36 Total objects detected: 1
      vehA       5.36 Processing object ID: 1
  Position: (1753.745557, 9351.460601)
  Distance: 52.296774 m
  Calculating Time To Collision...
      vehA       5.36 Calculating TTC:
  Host position: (1789.33, 9313.13)
  Host speed: 15.1772 m/s
  Detected object not found. Returning infinity.

      vehA       5.36 Processing object ID: 1
  Position: (1753.745557, 9351.460601)
  Distance: 52.296774 m
  Calculated TTC: infs
  Decision: No significant risk detected
      vehA       5.36 
      vehA       5.46 Total objects detected: 1
      vehA       5.46 Processing object ID: 1
  Position: (1755.656844, 9349.112449)
  Distance: 50.810145 m
  Calculating Time To Collision...
      vehA       5.46 Calculating TTC:
  Host position: (1790.35, 9311.99)
  Host speed: 15.3411 m/s
  Detected object not found. Returning infinity.

      vehA       5.46 Processing object ID: 1
  Position: (1755.656844, 9349.112449)
  Distance: 50.810145 m
  Calculated TTC: infs
  Decision: No significant risk detected
      vehA       5.46 
      vehA       5.56 Total objects detected: 1
      vehA       5.56 Processing object ID: 1
  Position: (1757.577698, 9346.752542)
  Distance: 49.326264 m
  Calculating Time To Collision...
      vehA       5.56 Calculating TTC:
  Host position: (1791.38, 9310.83)
  Host speed: 15.5141 m/s
  Detected object not found. Returning infinity.

      vehA       5.56 Processing object ID: 1
  Position: (1757.577698, 9346.752542)
  Distance: 49.326264 m
  Calculated TTC: infs
  Decision: No significant risk detected
      vehA       5.56 
      vehA       5.66 Total objects detected: 1
      vehA       5.66 Processing object ID: 1
  Position: (1759.509556, 9344.379116)
  Distance: 47.843327 m
  Calculating Time To Collision...
      vehA       5.66 Calculating TTC:
  Host position: (1792.42, 9309.66)
  Host speed: 15.6911 m/s
  Detected object not found. Returning infinity.

      vehA       5.66 Processing object ID: 1
  Position: (1759.509556, 9344.379116)
  Distance: 47.843327 m
  Calculated TTC: infs
  Decision: No significant risk detected
      vehA       5.66 
      vehA       5.76 Total objects detected: 1
      vehA       5.76 Processing object ID: 1
  Position: (1761.451781, 9341.992955)
  Distance: 46.364492 m
  Calculating Time To Collision...
      vehA       5.76 Calculating TTC:
  Host position: (1793.48, 9308.47)
  Host speed: 15.8889 m/s
  Detected object not found. Returning infinity.

      vehA       5.76 Processing object ID: 1
  Position: (1761.451781, 9341.992955)
  Distance: 46.364492 m
  Calculated TTC: infs
  Decision: No significant risk detected
      vehA       5.76 
      vehA       5.86 Total objects detected: 1
      vehA       5.86 Processing object ID: 1
  Position: (1763.408340, 9339.589182)
  Distance: 44.883714 m
  Calculating Time To Collision...
      vehA       5.86 Calculating TTC:
  Host position: (1794.55, 9307.27)
  Host speed: 16.0881 m/s
  Detected object not found. Returning infinity.

      vehA       5.86 Processing object ID: 1
  Position: (1763.408340, 9339.589182)
  Distance: 44.883714 m
  Calculated TTC: infs
  Decision: No significant risk detected
      vehA       5.86 
      vehA       5.96 Total objects detected: 1
      vehA       5.96 Processing object ID: 1
  Position: (1765.376906, 9337.170658)
  Distance: 43.402301 m
  Calculating Time To Collision...
      vehA       5.96 Calculating TTC:
  Host position: (1795.63, 9306.05)
  Host speed: 16.2628 m/s
  Detected object not found. Returning infinity.

      vehA       5.96 Processing object ID: 1
  Position: (1765.376906, 9337.170658)
  Distance: 43.402301 m
  Calculated TTC: infs
  Decision: No significant risk detected
      vehA       5.96 
      vehA       6.06 Total objects detected: 1
      vehA       6.06 Processing object ID: 1
  Position: (1767.361864, 9334.731995)
  Distance: 41.909237 m
  Calculating Time To Collision...
      vehA       6.06 Calculating TTC:
  Host position: (1796.73, 9304.83)
  Host speed: 16.3953 m/s
  Detected object not found. Returning infinity.

      vehA       6.06 Processing object ID: 1
  Position: (1767.361864, 9334.731995)
  Distance: 41.909237 m
  Calculated TTC: infs
  Decision: No significant risk detected
      vehA       6.06 
      vehA       6.16 Total objects detected: 1
      vehA       6.16 Processing object ID: 1
  Position: (1769.363116, 9332.273314)
  Distance: 40.414979 m
  Calculating Time To Collision...
      vehA       6.16 Calculating TTC:
  Host position: (1797.83, 9303.59)
  Host speed: 16.6297 m/s
  Detected object not found. Returning infinity.

      vehA       6.16 Processing object ID: 1
  Position: (1769.363116, 9332.273314)
  Distance: 40.414979 m
  Calculated TTC: infs
  Decision: No significant risk detected
      vehA       6.16 
      vehA       6.26 Total objects detected: 1
      vehA       6.26 Processing object ID: 1
  Position: (1771.378574, 9329.797181)
  Distance: 38.923796 m
  Calculating Time To Collision...
      vehA       6.26 Calculating TTC:
  Host position: (1798.95, 9302.33)
  Host speed: 16.8724 m/s
  Detected object not found. Returning infinity.

      vehA       6.26 Processing object ID: 1
  Position: (1771.378574, 9329.797181)
  Distance: 38.923796 m
  Calculated TTC: infs
  Decision: No significant risk detected
      vehA       6.26 
      vehA       6.36 Total objects detected: 1
      vehA       6.36 Processing object ID: 1
  Position: (1773.407763, 9327.304177)
  Distance: 37.425829 m
  Calculating Time To Collision...
      vehA       6.36 Calculating TTC:
  Host position: (1800.09, 9301.06)
  Host speed: 17.0072 m/s
  Detected object not found. Returning infinity.

      vehA       6.36 Processing object ID: 1
  Position: (1773.407763, 9327.304177)
  Distance: 37.425829 m
  Calculated TTC: infs
  Decision: No significant risk detected
      vehA       6.36 
      vehA       6.46 Total objects detected: 1
      vehA       6.46 Processing object ID: 1
  Position: (1775.445533, 9324.800631)
  Distance: 35.935995 m
  Calculating Time To Collision...
      vehA       6.46 Calculating TTC:
  Host position: (1801.23, 9299.77)
  Host speed: 17.2083 m/s
  Detected object not found. Returning infinity.

      vehA       6.46 Processing object ID: 1
  Position: (1775.445533, 9324.800631)
  Distance: 35.935995 m
  Calculated TTC: infs
  Decision: No significant risk detected
      vehA       6.46 
      vehA       6.56 Total objects detected: 1
      vehA       6.56 Processing object ID: 1
  Position: (1777.496069, 9322.281400)
  Distance: 34.449189 m
  Calculating Time To Collision...
      vehA       6.56 Calculating TTC:
  Host position: (1802.39, 9298.47)
  Host speed: 17.4222 m/s
  Detected object not found. Returning infinity.

      vehA       6.56 Processing object ID: 1
  Position: (1777.496069, 9322.281400)
  Distance: 34.449189 m
  Calculated TTC: infs
  Decision: No significant risk detected
      vehA       6.56 
      vehA       6.66 Total objects detected: 1
      vehA       6.66 Processing object ID: 1
  Position: (1779.562181, 9319.743035)
  Distance: 32.957878 m
  Calculating Time To Collision...
      vehA       6.66 Calculating TTC:
  Host position: (1803.56, 9297.15)
  Host speed: 17.602 m/s
  Detected object not found. Returning infinity.

      vehA       6.66 Processing object ID: 1
  Position: (1779.562181, 9319.743035)
  Distance: 32.957878 m
  Calculated TTC: infs
  Decision: No significant risk detected
      vehA       6.66 
      vehA       6.76 Total objects detected: 1
      vehA       6.76 Processing object ID: 1
  Position: (1781.640152, 9317.190099)
  Distance: 31.464843 m
  Calculating Time To Collision...
      vehA       6.76 Calculating TTC:
  Host position: (1804.74, 9295.83)
  Host speed: 17.748 m/s
  Detected object not found. Returning infinity.

      vehA       6.76 Processing object ID: 1
  Position: (1781.640152, 9317.190099)
  Distance: 31.464843 m
  Calculated TTC: infs
  Decision: No significant risk detected
      vehA       6.76 
      vehA       6.86 Total objects detected: 1
      vehA       6.86 Processing object ID: 1
  Position: (1783.762165, 9314.649742)
  Distance: 29.975776 m
  Calculating Time To Collision...
      vehA       6.86 Calculating TTC:
  Host position: (1805.94, 9294.48)
  Host speed: 18.0033 m/s
  Detected object not found. Returning infinity.

      vehA       6.86 Processing object ID: 1
  Position: (1783.762165, 9314.649742)
  Distance: 29.975776 m
  Calculated TTC: infs
  Decision: No significant risk detected
      vehA       6.86 
      vehA       6.96 Total objects detected: 1
      vehA       6.96 Processing object ID: 1
  Position: (1785.928818, 9312.130462)
  Distance: 28.484724 m
  Calculating Time To Collision...
      vehA       6.96 Calculating TTC:
  Host position: (1807.15, 9293.13)
  Host speed: 18.1536 m/s
  Detected object not found. Returning infinity.

      vehA       6.96 Processing object ID: 1
  Position: (1785.928818, 9312.130462)
  Distance: 28.484724 m
  Calculated TTC: infs
  Decision: No significant risk detected
      vehA       6.96 
      vehA       7.06 Total objects detected: 1
      vehA       7.06 Processing object ID: 1
  Position: (1788.140747, 9309.648091)
  Distance: 27.000133 m
  Calculating Time To Collision...
      vehA       7.06 Calculating TTC:
  Host position: (1808.37, 9291.76)
  Host speed: 18.2963 m/s
  Detected object not found. Returning infinity.

      vehA       7.06 Processing object ID: 1
  Position: (1788.140747, 9309.648091)
  Distance: 27.000133 m
  Calculated TTC: infs
  Decision: No significant risk detected
      vehA       7.06 
      vehA       7.16 Total objects detected: 1
      vehA       7.16 Processing object ID: 1
  Position: (1790.353448, 9307.164852)
  Distance: 25.533548 m
  Calculating Time To Collision...
      vehA       7.16 Calculating TTC:
  Host position: (1809.6, 9290.38)
  Host speed: 18.4776 m/s
  Detected object not found. Returning infinity.

      vehA       7.16 Processing object ID: 1
  Position: (1790.353448, 9307.164852)
  Distance: 25.533548 m
  Calculated TTC: infs
  Decision: No significant risk detected
      vehA       7.16 
      vehA       7.26 Total objects detected: 1
      vehA       7.26 Processing object ID: 1
  Position: (1792.565487, 9304.682356)
  Distance: 24.082344 m
  Calculating Time To Collision...
      vehA       7.26 Calculating TTC:
  Host position: (1810.83, 9288.99)
  Host speed: 18.6092 m/s
  Detected object not found. Returning infinity.

      vehA       7.26 Processing object ID: 1
  Position: (1792.565487, 9304.682356)
  Distance: 24.082344 m
  Calculated TTC: infs
  Decision: No significant risk detected
      vehA       7.26 
      vehA       7.36 Total objects detected: 1
      vehA       7.36 Processing object ID: 1
  Position: (1794.775911, 9302.201672)
  Distance: 22.651607 m
  Calculating Time To Collision...
      vehA       7.36 Calculating TTC:
  Host position: (1812.08, 9287.59)
  Host speed: 18.7758 m/s
  Detected object not found. Returning infinity.

      vehA       7.36 Processing object ID: 1
  Position: (1794.775911, 9302.201672)
  Distance: 22.651607 m
  Calculated TTC: infs
  Decision: No significant risk detected
      vehA       7.36 
      vehA       7.46 Total objects detected: 1
      vehA       7.46 Processing object ID: 1
  Position: (1796.987047, 9299.720191)
  Distance: 21.241736 m
  Calculating Time To Collision...
      vehA       7.46 Calculating TTC:
  Host position: (1813.35, 9286.17)
  Host speed: 18.9788 m/s
  Detected object not found. Returning infinity.

      vehA       7.46 Processing object ID: 1
  Position: (1796.987047, 9299.720191)
  Distance: 21.241736 m
  Calculated TTC: infs
  Decision: No significant risk detected
      vehA       7.46 
      vehA       7.56 Total objects detected: 1
      vehA       7.56 Processing object ID: 1
  Position: (1799.197140, 9297.239878)
  Distance: 19.852864 m
  Calculating Time To Collision...
      vehA       7.56 Calculating TTC:
  Host position: (1814.62, 9284.74)
  Host speed: 19.1539 m/s
  Detected object not found. Returning infinity.

      vehA       7.56 Processing object ID: 1
  Position: (1799.197140, 9297.239878)
  Distance: 19.852864 m
  Calculated TTC: infs
  Decision: No significant risk detected
      vehA       7.56 
      vehA       7.66 Total objects detected: 1
      vehA       7.66 Processing object ID: 1
  Position: (1801.410775, 9294.755591)
  Distance: 18.484902 m
  Calculating Time To Collision...
      vehA       7.66 Calculating TTC:
  Host position: (1815.91, 9283.29)
  Host speed: 19.393 m/s
  Detected object not found. Returning infinity.

      vehA       7.66 Processing object ID: 1
  Position: (1801.410775, 9294.755591)
  Distance: 18.484902 m
  Calculated TTC: infs
  Decision: No significant risk detected
      vehA       7.66 
      vehA       7.76 Total objects detected: 1
      vehA       7.76 Processing object ID: 1
  Position: (1803.626481, 9292.268981)
  Distance: 17.130120 m
  Calculating Time To Collision...
      vehA       7.76 Calculating TTC:
  Host position: (1817.21, 9281.83)
  Host speed: 19.5264 m/s
  Detected object not found. Returning infinity.

      vehA       7.76 Processing object ID: 1
  Position: (1803.626481, 9292.268981)
  Distance: 17.130120 m
  Calculated TTC: infs
  Decision: No significant risk detected
      vehA       7.76 
      vehA       7.86 Total objects detected: 1
      vehA       7.86 Processing object ID: 1
  Position: (1805.840847, 9289.783873)
  Distance: 15.803217 m
  Calculating Time To Collision...
      vehA       7.86 Calculating TTC:
  Host position: (1818.52, 9280.36)
  Host speed: 19.7512 m/s
  Detected object not found. Returning infinity.

      vehA       7.86 Processing object ID: 1
  Position: (1805.840847, 9289.783873)
  Distance: 15.803217 m
  Calculated TTC: infs
  Decision: No significant risk detected
      vehA       7.86 
      vehA       7.96 Total objects detected: 1
      vehA       7.96 Processing object ID: 1
  Position: (1808.055552, 9287.298385)
  Distance: 14.493427 m
  Calculating Time To Collision...
      vehA       7.96 Calculating TTC:
  Host position: (1819.85, 9278.87)
  Host speed: 19.8829 m/s
  Detected object not found. Returning infinity.

      vehA       7.96 Processing object ID: 1
  Position: (1808.055552, 9287.298385)
  Distance: 14.493427 m
  Calculated TTC: infs
  Decision: No significant risk detected
      vehA       7.96 
