      vehA       0.10 VehicleController found in Facilities
      vehA       0.10 LocalEnvironmentModel found in Facilities
      vehA       0.10 CollisionWarningService initialized
      vehA       0.26 Total objects detected: 0
      vehA       0.36 Total objects detected: 0
      vehA       0.46 Total objects detected: 0
      vehA       0.56 Total objects detected: 0
      vehA       0.66 Total objects detected: 0
      vehA       0.76 Total objects detected: 0
      vehA       0.86 Total objects detected: 0
      vehA       0.96 Total objects detected: 0
      vehA       1.06 Total objects detected: 0
      vehA       1.16 Total objects detected: 0
      vehA       1.26 Total objects detected: 0
      vehA       1.36 Total objects detected: 0
      vehA       1.46 Total objects detected: 0
      vehA       1.56 Total objects detected: 0
      vehA       1.66 Total objects detected: 0
      vehA       1.76 Total objects detected: 0
      vehA       1.86 Total objects detected: 0
      vehA       1.96 Total objects detected: 0
      vehA       2.06 Total objects detected: 0
      vehA       2.16 Total objects detected: 0
      vehA       2.26 Total objects detected: 0
      vehA       2.36 Total objects detected: 0
      vehA       2.46 Total objects detected: 0
      vehA       2.56 Total objects detected: 0
      vehA       2.66 Total objects detected: 0
      vehA       2.76 Total objects detected: 0
      vehA       2.86 Total objects detected: 0
      vehA       2.96 Total objects detected: 0
      vehA       3.06 Total objects detected: 0
      vehA       3.16 Total objects detected: 0
      vehA       3.26 Total objects detected: 0
      vehA       3.36 Total objects detected: 0
      vehA       3.46 Total objects detected: 0
      vehA       3.56 Total objects detected: 0
      vehA       3.66 Total objects detected: 0
      vehA       3.76 Total objects detected: 0
      vehA       3.86 Total objects detected: 0
      vehA       3.96 Total objects detected: 0
      vehA       4.06 Total objects detected: 0
      vehA       4.16 Total objects detected: 0
      vehA       4.26 Total objects detected: 0
      vehA       4.36 Total objects detected: 0
      vehA       4.46 Total objects detected: 0
      vehA       4.56 Total objects detected: 0
      vehA       4.66 Total objects detected: 0
      vehA       4.76 Total objects detected: 0
      vehA       4.86 Total objects detected: 0
      vehA       4.96 Total objects detected: 0
      vehA       5.06 Total objects detected: 0
      vehA       5.16 Total objects detected: 0
      vehA       5.26 Total objects detected: 1
      vehA       5.26 Processing object ID: 1
  Position: (1751.84, 9353.8)
  Distance: 53.7857 m
  Object external ID: vehB
  Number of sensors detecting this object: 1
    Sensor type: Radar

      vehA       5.26 -------------------Calculating ------------------:
Calculating TTC:
  Host position: (1788.32, 9314.27)
  Host speed: 15.0143 m/s
  Tracking ID: 1
  Number of sensors: 1
  Sensor type: Radar
  Tracking time: 5.2 to 5.2
  Number of detected objects: 1
    Object ID: vehB
    Object Position: (1751.84, 9353.8)
  Object position: (1751.84, 9353.8)
  Relative distance: 53.7857 m
  Time since last update: 0.0592845 s
  Estimated object speed: 907.249 m/s
  Relative speed: 892.234 m/s
  Calculated TTC: 0.0602821 s

      vehA       5.26 TTC calculation results:
  Calculated TTC: 0.0602821s
  Decision: Critical risk detected

      vehA       5.26 Sending critical collision warning message (Danger Level 2)
      vehA       5.26 Sending collision warning: TTC = 0.060282s, Danger Level = 2
      vehA       5.26 
      vehA       5.36 Total objects detected: 1
      vehA       5.36 Processing object ID: 1
  Position: (1753.75, 9351.46)
  Distance: 52.2968 m
  Object external ID: vehB
  Number of sensors detecting this object: 1
    Sensor type: Radar

      vehA       5.36 -------------------Calculating ------------------:
Calculating TTC:
  Host position: (1789.33, 9313.13)
  Host speed: 15.1772 m/s
  Tracking ID: 1
  Number of sensors: 1
  Sensor type: Radar
  Tracking time: 5.2 to 5.3
  Number of detected objects: 1
    Object ID: vehB
    Object Position: (1753.75, 9351.46)
  Object position: (1753.75, 9351.46)
  Relative distance: 52.2968 m
  Time since last update: 0.0592845 s
  Estimated object speed: 882.133 m/s
  Relative speed: 866.956 m/s
  Calculated TTC: 0.0603223 s

      vehA       5.36 TTC calculation results:
  Calculated TTC: 0.0603223s
  Decision: Critical risk detected

      vehA       5.36 Sending critical collision warning message (Danger Level 2)
      vehA       5.36 Sending collision warning: TTC = 0.060322s, Danger Level = 2
      vehA       5.36 
      vehA       5.46 Total objects detected: 1
      vehA       5.46 Processing object ID: 1
  Position: (1755.66, 9349.11)
  Distance: 50.8101 m
  Object external ID: vehB
  Number of sensors detecting this object: 1
    Sensor type: Radar

      vehA       5.46 -------------------Calculating ------------------:
Calculating TTC:
  Host position: (1790.35, 9311.99)
  Host speed: 15.3411 m/s
  Tracking ID: 1
  Number of sensors: 1
  Sensor type: Radar
  Tracking time: 5.2 to 5.4
  Number of detected objects: 1
    Object ID: vehB
    Object Position: (1755.66, 9349.11)
  Object position: (1755.66, 9349.11)
  Relative distance: 50.8101 m
  Time since last update: 0.0592845 s
  Estimated object speed: 857.057 m/s
  Relative speed: 841.716 m/s
  Calculated TTC: 0.060365 s

      vehA       5.46 TTC calculation results:
  Calculated TTC: 0.060365s
  Decision: Critical risk detected

      vehA       5.46 Sending critical collision warning message (Danger Level 2)
      vehA       5.46 Sending collision warning: TTC = 0.060365s, Danger Level = 2
      vehA       5.46 
      vehA       5.56 Total objects detected: 1
      vehA       5.56 Processing object ID: 1
  Position: (1757.58, 9346.75)
  Distance: 49.3263 m
  Object external ID: vehB
  Number of sensors detecting this object: 1
    Sensor type: Radar

      vehA       5.56 -------------------Calculating ------------------:
Calculating TTC:
  Host position: (1791.38, 9310.83)
  Host speed: 15.5141 m/s
  Tracking ID: 1
  Number of sensors: 1
  Sensor type: Radar
  Tracking time: 5.2 to 5.5
  Number of detected objects: 1
    Object ID: vehB
    Object Position: (1757.58, 9346.75)
  Object position: (1757.58, 9346.75)
  Relative distance: 49.3263 m
  Time since last update: 0.0592845 s
  Estimated object speed: 832.027 m/s
  Relative speed: 816.513 m/s
  Calculated TTC: 0.0604109 s

      vehA       5.56 TTC calculation results:
  Calculated TTC: 0.0604109s
  Decision: Critical risk detected

      vehA       5.56 Sending critical collision warning message (Danger Level 2)
      vehA       5.56 Sending collision warning: TTC = 0.060411s, Danger Level = 2
      vehA       5.56 
      vehA       5.66 Total objects detected: 1
      vehA       5.66 Processing object ID: 1
  Position: (1759.51, 9344.38)
  Distance: 47.8433 m
  Object external ID: vehB
  Number of sensors detecting this object: 1
    Sensor type: Radar

      vehA       5.66 -------------------Calculating ------------------:
Calculating TTC:
  Host position: (1792.42, 9309.66)
  Host speed: 15.6911 m/s
  Tracking ID: 1
  Number of sensors: 1
  Sensor type: Radar
  Tracking time: 5.2 to 5.6
  Number of detected objects: 1
    Object ID: vehB
    Object Position: (1759.51, 9344.38)
  Object position: (1759.51, 9344.38)
  Relative distance: 47.8433 m
  Time since last update: 0.0592845 s
  Estimated object speed: 807.013 m/s
  Relative speed: 791.322 m/s
  Calculated TTC: 0.06046 s

      vehA       5.66 TTC calculation results:
  Calculated TTC: 0.06046s
  Decision: Critical risk detected

      vehA       5.66 Sending critical collision warning message (Danger Level 2)
      vehA       5.66 Sending collision warning: TTC = 0.060460s, Danger Level = 2
      vehA       5.66 
      vehA       5.76 Total objects detected: 1
      vehA       5.76 Processing object ID: 1
  Position: (1761.45, 9341.99)
  Distance: 46.3645 m
  Object external ID: vehB
  Number of sensors detecting this object: 1
    Sensor type: Radar

      vehA       5.76 -------------------Calculating ------------------:
Calculating TTC:
  Host position: (1793.48, 9308.47)
  Host speed: 15.8889 m/s
  Tracking ID: 1
  Number of sensors: 1
  Sensor type: Radar
  Tracking time: 5.2 to 5.7
  Number of detected objects: 1
    Object ID: vehB
    Object Position: (1761.45, 9341.99)
  Object position: (1761.45, 9341.99)
  Relative distance: 46.3645 m
  Time since last update: 0.0592845 s
  Estimated object speed: 782.068 m/s
  Relative speed: 766.179 m/s
  Calculated TTC: 0.0605139 s

      vehA       5.76 TTC calculation results:
  Calculated TTC: 0.0605139s
  Decision: Critical risk detected

      vehA       5.76 Sending critical collision warning message (Danger Level 2)
      vehA       5.76 Sending collision warning: TTC = 0.060514s, Danger Level = 2
      vehA       5.76 
      vehA       5.86 Total objects detected: 1
      vehA       5.86 Processing object ID: 1
  Position: (1763.41, 9339.59)
  Distance: 44.8837 m
  Object external ID: vehB
  Number of sensors detecting this object: 1
    Sensor type: Radar

      vehA       5.86 -------------------Calculating ------------------:
Calculating TTC:
  Host position: (1794.55, 9307.27)
  Host speed: 16.0881 m/s
  Tracking ID: 1
  Number of sensors: 1
  Sensor type: Radar
  Tracking time: 5.2 to 5.8
  Number of detected objects: 1
    Object ID: vehB
    Object Position: (1763.41, 9339.59)
  Object position: (1763.41, 9339.59)
  Relative distance: 44.8837 m
  Time since last update: 0.0592845 s
  Estimated object speed: 757.091 m/s
  Relative speed: 741.003 m/s
  Calculated TTC: 0.0605716 s

      vehA       5.86 TTC calculation results:
  Calculated TTC: 0.0605716s
  Decision: Critical risk detected

      vehA       5.86 Sending critical collision warning message (Danger Level 2)
      vehA       5.86 Sending collision warning: TTC = 0.060572s, Danger Level = 2
      vehA       5.86 
      vehA       5.96 Total objects detected: 1
      vehA       5.96 Processing object ID: 1
  Position: (1765.38, 9337.17)
  Distance: 43.4023 m
  Object external ID: vehB
  Number of sensors detecting this object: 1
    Sensor type: Radar

      vehA       5.96 -------------------Calculating ------------------:
Calculating TTC:
  Host position: (1795.63, 9306.05)
  Host speed: 16.2628 m/s
  Tracking ID: 1
  Number of sensors: 1
  Sensor type: Radar
  Tracking time: 5.2 to 5.9
  Number of detected objects: 1
    Object ID: vehB
    Object Position: (1765.38, 9337.17)
  Object position: (1765.38, 9337.17)
  Relative distance: 43.4023 m
  Time since last update: 0.0592845 s
  Estimated object speed: 732.102 m/s
  Relative speed: 715.84 m/s
  Calculated TTC: 0.0606313 s

      vehA       5.96 TTC calculation results:
  Calculated TTC: 0.0606313s
  Decision: Critical risk detected

      vehA       5.96 Sending critical collision warning message (Danger Level 2)
      vehA       5.96 Sending collision warning: TTC = 0.060631s, Danger Level = 2
      vehA       5.96 
      vehA       6.06 Total objects detected: 1
      vehA       6.06 Processing object ID: 1
  Position: (1767.36, 9334.73)
  Distance: 41.9092 m
  Object external ID: vehB
  Number of sensors detecting this object: 1
    Sensor type: Radar

      vehA       6.06 -------------------Calculating ------------------:
Calculating TTC:
  Host position: (1796.73, 9304.83)
  Host speed: 16.3953 m/s
  Tracking ID: 1
  Number of sensors: 1
  Sensor type: Radar
  Tracking time: 5.2 to 6
  Number of detected objects: 1
    Object ID: vehB
    Object Position: (1767.36, 9334.73)
  Object position: (1767.36, 9334.73)
  Relative distance: 41.9092 m
  Time since last update: 0.0592845 s
  Estimated object speed: 706.918 m/s
  Relative speed: 690.522 m/s
  Calculated TTC: 0.0606921 s

      vehA       6.06 TTC calculation results:
  Calculated TTC: 0.0606921s
  Decision: Critical risk detected

      vehA       6.06 Sending critical collision warning message (Danger Level 2)
      vehA       6.06 Sending collision warning: TTC = 0.060692s, Danger Level = 2
      vehA       6.06 
      vehA       6.16 Total objects detected: 1
      vehA       6.16 Processing object ID: 1
  Position: (1769.36, 9332.27)
  Distance: 40.415 m
  Object external ID: vehB
  Number of sensors detecting this object: 1
    Sensor type: Radar

      vehA       6.16 -------------------Calculating ------------------:
Calculating TTC:
  Host position: (1797.83, 9303.59)
  Host speed: 16.6297 m/s
  Tracking ID: 1
  Number of sensors: 1
  Sensor type: Radar
  Tracking time: 5.2 to 6.1
  Number of detected objects: 1
    Object ID: vehB
    Object Position: (1769.36, 9332.27)
  Object position: (1769.36, 9332.27)
  Relative distance: 40.415 m
  Time since last update: 0.0592845 s
  Estimated object speed: 681.713 m/s
  Relative speed: 665.083 m/s
  Calculated TTC: 0.0607668 s

      vehA       6.16 TTC calculation results:
  Calculated TTC: 0.0607668s
  Decision: Critical risk detected

      vehA       6.16 Sending critical collision warning message (Danger Level 2)
      vehA       6.16 Sending collision warning: TTC = 0.060767s, Danger Level = 2
      vehA       6.16 
