      vehA       0.10 VehicleController found in Facilities
      vehA       0.10 LocalEnvironmentModel found in Facilities
      vehA       0.10 CollisionWarningService initialized
      vehA       0.26 Total objects detected: 0
      vehA       0.36 Total objects detected: 0
      vehA       0.46 Total objects detected: 0
      vehA       0.56 Total objects detected: 0
      vehA       0.66 Total objects detected: 0
      vehA       0.76 Total objects detected: 0
      vehA       0.86 Total objects detected: 0
      vehA       0.96 Total objects detected: 0
      vehA       1.06 Total objects detected: 0
      vehA       1.16 Total objects detected: 0
      vehA       1.26 Total objects detected: 0
      vehA       1.36 Total objects detected: 0
      vehA       1.46 Total objects detected: 0
      vehA       1.56 Total objects detected: 0
      vehA       1.66 Total objects detected: 0
      vehA       1.76 Total objects detected: 0
      vehA       1.86 Total objects detected: 0
      vehA       1.96 Total objects detected: 0
      vehA       2.06 Total objects detected: 0
      vehA       2.16 Total objects detected: 0
      vehA       2.26 Total objects detected: 0
      vehA       2.36 Total objects detected: 0
      vehA       2.46 Total objects detected: 0
      vehA       2.56 Total objects detected: 0
      vehA       2.66 Total objects detected: 0
      vehA       2.76 Total objects detected: 0
      vehA       2.86 Total objects detected: 0
      vehA       2.96 Total objects detected: 0
      vehA       3.06 Total objects detected: 0
      vehA       3.16 Total objects detected: 0
      vehA       3.26 Total objects detected: 0
      vehA       3.36 Total objects detected: 0
      vehA       3.46 Total objects detected: 0
      vehA       3.56 Total objects detected: 0
      vehA       3.66 Total objects detected: 0
      vehA       3.76 Total objects detected: 0
      vehA       3.86 Total objects detected: 0
      vehA       3.96 Total objects detected: 0
      vehA       4.06 Total objects detected: 0
      vehA       4.16 Total objects detected: 0
      vehA       4.26 Total objects detected: 0
      vehA       4.36 Total objects detected: 0
      vehA       4.46 Total objects detected: 0
      vehA       4.56 Total objects detected: 0
      vehA       4.66 Total objects detected: 0
      vehA       4.76 Total objects detected: 0
      vehA       4.86 Total objects detected: 0
      vehA       4.96 Total objects detected: 0
      vehA       5.06 Total objects detected: 0
      vehA       5.16 Total objects detected: 0
      vehA       5.26 Total objects detected: 1
      vehA       5.26 Processing object ID: 1
  Position: (1751.84, 9353.8)
  Distance: 53.7857 m
  Object external ID: vehB
  Number of sensors detecting this object: 1
    Sensor type: Radar

      vehA       5.26 Calculating TTC:
  Host position: (1788.32, 9314.27)
  Host speed: 15.0143 m/s
  Tracking ID: 1
  Number of sensors: 1
  Sensor type: Radar
  Tracking time: 5.2 to 5.2
  Number of detected objects: 1
    Object ID: vehB
    Object Position: (1751.84, 9353.8)
  Detected object not found. Returning infinity.

      vehA       5.26 TTC calculation results:
  Calculated TTC: infs
  Decision: No significant risk detected

      vehA       5.26 
      vehA       5.36 Total objects detected: 1
      vehA       5.36 Processing object ID: 1
  Position: (1753.75, 9351.46)
  Distance: 52.2968 m
  Object external ID: vehB
  Number of sensors detecting this object: 1
    Sensor type: Radar

      vehA       5.36 Calculating TTC:
  Host position: (1789.33, 9313.13)
  Host speed: 15.1772 m/s
  Tracking ID: 1
  Number of sensors: 1
  Sensor type: Radar
  Tracking time: 5.2 to 5.3
  Number of detected objects: 1
    Object ID: vehB
    Object Position: (1753.75, 9351.46)
  Detected object not found. Returning infinity.

      vehA       5.36 TTC calculation results:
  Calculated TTC: infs
  Decision: No significant risk detected

      vehA       5.36 
      vehA       5.46 Total objects detected: 1
      vehA       5.46 Processing object ID: 1
  Position: (1755.66, 9349.11)
  Distance: 50.8101 m
  Object external ID: vehB
  Number of sensors detecting this object: 1
    Sensor type: Radar

      vehA       5.46 Calculating TTC:
  Host position: (1790.35, 9311.99)
  Host speed: 15.3411 m/s
  Tracking ID: 1
  Number of sensors: 1
  Sensor type: Radar
  Tracking time: 5.2 to 5.4
  Number of detected objects: 1
    Object ID: vehB
    Object Position: (1755.66, 9349.11)
  Detected object not found. Returning infinity.

      vehA       5.46 TTC calculation results:
  Calculated TTC: infs
  Decision: No significant risk detected

      vehA       5.46 
      vehA       5.56 Total objects detected: 1
      vehA       5.56 Processing object ID: 1
  Position: (1757.58, 9346.75)
  Distance: 49.3263 m
  Object external ID: vehB
  Number of sensors detecting this object: 1
    Sensor type: Radar

      vehA       5.56 Calculating TTC:
  Host position: (1791.38, 9310.83)
  Host speed: 15.5141 m/s
  Tracking ID: 1
  Number of sensors: 1
  Sensor type: Radar
  Tracking time: 5.2 to 5.5
  Number of detected objects: 1
    Object ID: vehB
    Object Position: (1757.58, 9346.75)
  Detected object not found. Returning infinity.

      vehA       5.56 TTC calculation results:
  Calculated TTC: infs
  Decision: No significant risk detected

      vehA       5.56 
      vehA       5.66 Total objects detected: 1
      vehA       5.66 Processing object ID: 1
  Position: (1759.51, 9344.38)
  Distance: 47.8433 m
  Object external ID: vehB
  Number of sensors detecting this object: 1
    Sensor type: Radar

      vehA       5.66 Calculating TTC:
  Host position: (1792.42, 9309.66)
  Host speed: 15.6911 m/s
  Tracking ID: 1
  Number of sensors: 1
  Sensor type: Radar
  Tracking time: 5.2 to 5.6
  Number of detected objects: 1
    Object ID: vehB
    Object Position: (1759.51, 9344.38)
  Detected object not found. Returning infinity.

      vehA       5.66 TTC calculation results:
  Calculated TTC: infs
  Decision: No significant risk detected

      vehA       5.66 
      vehA       5.76 Total objects detected: 1
      vehA       5.76 Processing object ID: 1
  Position: (1761.45, 9341.99)
  Distance: 46.3645 m
  Object external ID: vehB
  Number of sensors detecting this object: 1
    Sensor type: Radar

      vehA       5.76 Calculating TTC:
  Host position: (1793.48, 9308.47)
  Host speed: 15.8889 m/s
  Tracking ID: 1
  Number of sensors: 1
  Sensor type: Radar
  Tracking time: 5.2 to 5.7
  Number of detected objects: 1
    Object ID: vehB
    Object Position: (1761.45, 9341.99)
  Detected object not found. Returning infinity.

      vehA       5.76 TTC calculation results:
  Calculated TTC: infs
  Decision: No significant risk detected

      vehA       5.76 
      vehA       5.86 Total objects detected: 1
      vehA       5.86 Processing object ID: 1
  Position: (1763.41, 9339.59)
  Distance: 44.8837 m
  Object external ID: vehB
  Number of sensors detecting this object: 1
    Sensor type: Radar

      vehA       5.86 Calculating TTC:
  Host position: (1794.55, 9307.27)
  Host speed: 16.0881 m/s
  Tracking ID: 1
  Number of sensors: 1
  Sensor type: Radar
  Tracking time: 5.2 to 5.8
  Number of detected objects: 1
    Object ID: vehB
    Object Position: (1763.41, 9339.59)
  Detected object not found. Returning infinity.

      vehA       5.86 TTC calculation results:
  Calculated TTC: infs
  Decision: No significant risk detected

      vehA       5.86 
      vehA       5.96 Total objects detected: 1
      vehA       5.96 Processing object ID: 1
  Position: (1765.38, 9337.17)
  Distance: 43.4023 m
  Object external ID: vehB
  Number of sensors detecting this object: 1
    Sensor type: Radar

      vehA       5.96 Calculating TTC:
  Host position: (1795.63, 9306.05)
  Host speed: 16.2628 m/s
  Tracking ID: 1
  Number of sensors: 1
  Sensor type: Radar
  Tracking time: 5.2 to 5.9
  Number of detected objects: 1
    Object ID: vehB
    Object Position: (1765.38, 9337.17)
  Detected object not found. Returning infinity.

      vehA       5.96 TTC calculation results:
  Calculated TTC: infs
  Decision: No significant risk detected

      vehA       5.96 
      vehA       6.06 Total objects detected: 1
      vehA       6.06 Processing object ID: 1
  Position: (1767.36, 9334.73)
  Distance: 41.9092 m
  Object external ID: vehB
  Number of sensors detecting this object: 1
    Sensor type: Radar

      vehA       6.06 Calculating TTC:
  Host position: (1796.73, 9304.83)
  Host speed: 16.3953 m/s
  Tracking ID: 1
  Number of sensors: 1
  Sensor type: Radar
  Tracking time: 5.2 to 6
  Number of detected objects: 1
    Object ID: vehB
    Object Position: (1767.36, 9334.73)
  Detected object not found. Returning infinity.

      vehA       6.06 TTC calculation results:
  Calculated TTC: infs
  Decision: No significant risk detected

      vehA       6.06 
      vehA       6.16 Total objects detected: 1
      vehA       6.16 Processing object ID: 1
  Position: (1769.36, 9332.27)
  Distance: 40.415 m
  Object external ID: vehB
  Number of sensors detecting this object: 1
    Sensor type: Radar

      vehA       6.16 Calculating TTC:
  Host position: (1797.83, 9303.59)
  Host speed: 16.6297 m/s
  Tracking ID: 1
  Number of sensors: 1
  Sensor type: Radar
  Tracking time: 5.2 to 6.1
  Number of detected objects: 1
    Object ID: vehB
    Object Position: (1769.36, 9332.27)
  Detected object not found. Returning infinity.

      vehA       6.16 TTC calculation results:
  Calculated TTC: infs
  Decision: No significant risk detected

      vehA       6.16 
      vehA       6.26 Total objects detected: 1
      vehA       6.26 Processing object ID: 1
  Position: (1771.38, 9329.8)
  Distance: 38.9238 m
  Object external ID: vehB
  Number of sensors detecting this object: 1
    Sensor type: Radar

      vehA       6.26 Calculating TTC:
  Host position: (1798.95, 9302.33)
  Host speed: 16.8724 m/s
  Tracking ID: 1
  Number of sensors: 1
  Sensor type: Radar
  Tracking time: 5.2 to 6.2
  Number of detected objects: 1
    Object ID: vehB
    Object Position: (1771.38, 9329.8)
  Detected object not found. Returning infinity.

      vehA       6.26 TTC calculation results:
  Calculated TTC: infs
  Decision: No significant risk detected

      vehA       6.26 
      vehA       6.36 Total objects detected: 1
      vehA       6.36 Processing object ID: 1
  Position: (1773.41, 9327.3)
  Distance: 37.4258 m
  Object external ID: vehB
  Number of sensors detecting this object: 1
    Sensor type: Radar

      vehA       6.36 Calculating TTC:
  Host position: (1800.09, 9301.06)
  Host speed: 17.0072 m/s
  Tracking ID: 1
  Number of sensors: 1
  Sensor type: Radar
  Tracking time: 5.2 to 6.3
  Number of detected objects: 1
    Object ID: vehB
    Object Position: (1773.41, 9327.3)
  Detected object not found. Returning infinity.

      vehA       6.36 TTC calculation results:
  Calculated TTC: infs
  Decision: No significant risk detected

      vehA       6.36 
      vehA       6.46 Total objects detected: 1
      vehA       6.46 Processing object ID: 1
  Position: (1775.45, 9324.8)
  Distance: 35.936 m
  Object external ID: vehB
  Number of sensors detecting this object: 1
    Sensor type: Radar

      vehA       6.46 Calculating TTC:
  Host position: (1801.23, 9299.77)
  Host speed: 17.2083 m/s
  Tracking ID: 1
  Number of sensors: 1
  Sensor type: Radar
  Tracking time: 5.2 to 6.4
  Number of detected objects: 1
    Object ID: vehB
    Object Position: (1775.45, 9324.8)
  Detected object not found. Returning infinity.

      vehA       6.46 TTC calculation results:
  Calculated TTC: infs
  Decision: No significant risk detected

      vehA       6.46 
      vehA       6.56 Total objects detected: 1
      vehA       6.56 Processing object ID: 1
  Position: (1777.5, 9322.28)
  Distance: 34.4492 m
  Object external ID: vehB
  Number of sensors detecting this object: 1
    Sensor type: Radar

      vehA       6.56 Calculating TTC:
  Host position: (1802.39, 9298.47)
  Host speed: 17.4222 m/s
  Tracking ID: 1
  Number of sensors: 1
  Sensor type: Radar
  Tracking time: 5.2 to 6.5
  Number of detected objects: 1
    Object ID: vehB
    Object Position: (1777.5, 9322.28)
  Detected object not found. Returning infinity.

      vehA       6.56 TTC calculation results:
  Calculated TTC: infs
  Decision: No significant risk detected

      vehA       6.56 
      vehA       6.66 Total objects detected: 1
      vehA       6.66 Processing object ID: 1
  Position: (1779.56, 9319.74)
  Distance: 32.9579 m
  Object external ID: vehB
  Number of sensors detecting this object: 1
    Sensor type: Radar

      vehA       6.66 Calculating TTC:
  Host position: (1803.56, 9297.15)
  Host speed: 17.602 m/s
  Tracking ID: 1
  Number of sensors: 1
  Sensor type: Radar
  Tracking time: 5.2 to 6.6
  Number of detected objects: 1
    Object ID: vehB
    Object Position: (1779.56, 9319.74)
  Detected object not found. Returning infinity.

      vehA       6.66 TTC calculation results:
  Calculated TTC: infs
  Decision: No significant risk detected

      vehA       6.66 
      vehA       6.76 Total objects detected: 1
      vehA       6.76 Processing object ID: 1
  Position: (1781.64, 9317.19)
  Distance: 31.4648 m
  Object external ID: vehB
  Number of sensors detecting this object: 1
    Sensor type: Radar

      vehA       6.76 Calculating TTC:
  Host position: (1804.74, 9295.83)
  Host speed: 17.748 m/s
  Tracking ID: 1
  Number of sensors: 1
  Sensor type: Radar
  Tracking time: 5.2 to 6.7
  Number of detected objects: 1
    Object ID: vehB
    Object Position: (1781.64, 9317.19)
  Detected object not found. Returning infinity.

      vehA       6.76 TTC calculation results:
  Calculated TTC: infs
  Decision: No significant risk detected

      vehA       6.76 
      vehA       6.86 Total objects detected: 1
      vehA       6.86 Processing object ID: 1
  Position: (1783.76, 9314.65)
  Distance: 29.9758 m
  Object external ID: vehB
  Number of sensors detecting this object: 1
    Sensor type: Radar

      vehA       6.86 Calculating TTC:
  Host position: (1805.94, 9294.48)
  Host speed: 18.0033 m/s
  Tracking ID: 1
  Number of sensors: 1
  Sensor type: Radar
  Tracking time: 5.2 to 6.8
  Number of detected objects: 1
    Object ID: vehB
    Object Position: (1783.76, 9314.65)
  Detected object not found. Returning infinity.

      vehA       6.86 TTC calculation results:
  Calculated TTC: infs
  Decision: No significant risk detected

      vehA       6.86 
      vehA       6.96 Total objects detected: 1
      vehA       6.96 Processing object ID: 1
  Position: (1785.93, 9312.13)
  Distance: 28.4847 m
  Object external ID: vehB
  Number of sensors detecting this object: 1
    Sensor type: Radar

      vehA       6.96 Calculating TTC:
  Host position: (1807.15, 9293.13)
  Host speed: 18.1536 m/s
  Tracking ID: 1
  Number of sensors: 1
  Sensor type: Radar
  Tracking time: 5.2 to 6.9
  Number of detected objects: 1
    Object ID: vehB
    Object Position: (1785.93, 9312.13)
  Detected object not found. Returning infinity.

      vehA       6.96 TTC calculation results:
  Calculated TTC: infs
  Decision: No significant risk detected

      vehA       6.96 
      vehA       7.06 Total objects detected: 1
      vehA       7.06 Processing object ID: 1
  Position: (1788.14, 9309.65)
  Distance: 27.0001 m
  Object external ID: vehB
  Number of sensors detecting this object: 1
    Sensor type: Radar

      vehA       7.06 Calculating TTC:
  Host position: (1808.37, 9291.76)
  Host speed: 18.2963 m/s
  Tracking ID: 1
  Number of sensors: 1
  Sensor type: Radar
  Tracking time: 5.2 to 7
  Number of detected objects: 1
    Object ID: vehB
    Object Position: (1788.14, 9309.65)
  Detected object not found. Returning infinity.

      vehA       7.06 TTC calculation results:
  Calculated TTC: infs
  Decision: No significant risk detected

      vehA       7.06 
      vehA       7.16 Total objects detected: 1
      vehA       7.16 Processing object ID: 1
  Position: (1790.35, 9307.16)
  Distance: 25.5335 m
  Object external ID: vehB
  Number of sensors detecting this object: 1
    Sensor type: Radar

      vehA       7.16 Calculating TTC:
  Host position: (1809.6, 9290.38)
  Host speed: 18.4776 m/s
  Tracking ID: 1
  Number of sensors: 1
  Sensor type: Radar
  Tracking time: 5.2 to 7.1
  Number of detected objects: 1
    Object ID: vehB
    Object Position: (1790.35, 9307.16)
  Detected object not found. Returning infinity.

      vehA       7.16 TTC calculation results:
  Calculated TTC: infs
  Decision: No significant risk detected

      vehA       7.16 
      vehA       7.26 Total objects detected: 1
      vehA       7.26 Processing object ID: 1
  Position: (1792.57, 9304.68)
  Distance: 24.0823 m
  Object external ID: vehB
  Number of sensors detecting this object: 1
    Sensor type: Radar

      vehA       7.26 Calculating TTC:
  Host position: (1810.83, 9288.99)
  Host speed: 18.6092 m/s
  Tracking ID: 1
  Number of sensors: 1
  Sensor type: Radar
  Tracking time: 5.2 to 7.2
  Number of detected objects: 1
    Object ID: vehB
    Object Position: (1792.57, 9304.68)
  Detected object not found. Returning infinity.

      vehA       7.26 TTC calculation results:
  Calculated TTC: infs
  Decision: No significant risk detected

      vehA       7.26 
      vehA       7.36 Total objects detected: 1
      vehA       7.36 Processing object ID: 1
  Position: (1794.78, 9302.2)
  Distance: 22.6516 m
  Object external ID: vehB
  Number of sensors detecting this object: 1
    Sensor type: Radar

      vehA       7.36 Calculating TTC:
  Host position: (1812.08, 9287.59)
  Host speed: 18.7758 m/s
  Tracking ID: 1
  Number of sensors: 1
  Sensor type: Radar
  Tracking time: 5.2 to 7.3
  Number of detected objects: 1
    Object ID: vehB
    Object Position: (1794.78, 9302.2)
  Detected object not found. Returning infinity.

      vehA       7.36 TTC calculation results:
  Calculated TTC: infs
  Decision: No significant risk detected

      vehA       7.36 
      vehA       7.46 Total objects detected: 1
      vehA       7.46 Processing object ID: 1
  Position: (1796.99, 9299.72)
  Distance: 21.2417 m
  Object external ID: vehB
  Number of sensors detecting this object: 1
    Sensor type: Radar

      vehA       7.46 Calculating TTC:
  Host position: (1813.35, 9286.17)
  Host speed: 18.9788 m/s
  Tracking ID: 1
  Number of sensors: 1
  Sensor type: Radar
  Tracking time: 5.2 to 7.4
  Number of detected objects: 1
    Object ID: vehB
    Object Position: (1796.99, 9299.72)
  Detected object not found. Returning infinity.

      vehA       7.46 TTC calculation results:
  Calculated TTC: infs
  Decision: No significant risk detected

      vehA       7.46 
      vehA       7.56 Total objects detected: 1
      vehA       7.56 Processing object ID: 1
  Position: (1799.2, 9297.24)
  Distance: 19.8529 m
  Object external ID: vehB
  Number of sensors detecting this object: 1
    Sensor type: Radar

      vehA       7.56 Calculating TTC:
  Host position: (1814.62, 9284.74)
  Host speed: 19.1539 m/s
  Tracking ID: 1
  Number of sensors: 1
  Sensor type: Radar
  Tracking time: 5.2 to 7.5
  Number of detected objects: 1
    Object ID: vehB
    Object Position: (1799.2, 9297.24)
  Detected object not found. Returning infinity.

      vehA       7.56 TTC calculation results:
  Calculated TTC: infs
  Decision: No significant risk detected

      vehA       7.56 
      vehA       7.66 Total objects detected: 1
      vehA       7.66 Processing object ID: 1
  Position: (1801.41, 9294.76)
  Distance: 18.4849 m
  Object external ID: vehB
  Number of sensors detecting this object: 1
    Sensor type: Radar

      vehA       7.66 Calculating TTC:
  Host position: (1815.91, 9283.29)
  Host speed: 19.393 m/s
  Tracking ID: 1
  Number of sensors: 1
  Sensor type: Radar
  Tracking time: 5.2 to 7.6
  Number of detected objects: 1
    Object ID: vehB
    Object Position: (1801.41, 9294.76)
  Detected object not found. Returning infinity.

      vehA       7.66 TTC calculation results:
  Calculated TTC: infs
  Decision: No significant risk detected

      vehA       7.66 
      vehA       7.76 Total objects detected: 1
      vehA       7.76 Processing object ID: 1
  Position: (1803.63, 9292.27)
  Distance: 17.1301 m
  Object external ID: vehB
  Number of sensors detecting this object: 1
    Sensor type: Radar

      vehA       7.76 Calculating TTC:
  Host position: (1817.21, 9281.83)
  Host speed: 19.5264 m/s
  Tracking ID: 1
  Number of sensors: 1
  Sensor type: Radar
  Tracking time: 5.2 to 7.7
  Number of detected objects: 1
    Object ID: vehB
    Object Position: (1803.63, 9292.27)
  Detected object not found. Returning infinity.

      vehA       7.76 TTC calculation results:
  Calculated TTC: infs
  Decision: No significant risk detected

      vehA       7.76 
      vehA       7.86 Total objects detected: 1
      vehA       7.86 Processing object ID: 1
  Position: (1805.84, 9289.78)
  Distance: 15.8032 m
  Object external ID: vehB
  Number of sensors detecting this object: 1
    Sensor type: Radar

      vehA       7.86 Calculating TTC:
  Host position: (1818.52, 9280.36)
  Host speed: 19.7512 m/s
  Tracking ID: 1
  Number of sensors: 1
  Sensor type: Radar
  Tracking time: 5.2 to 7.8
  Number of detected objects: 1
    Object ID: vehB
    Object Position: (1805.84, 9289.78)
  Detected object not found. Returning infinity.

      vehA       7.86 TTC calculation results:
  Calculated TTC: infs
  Decision: No significant risk detected

      vehA       7.86 
      vehA       7.96 Total objects detected: 1
      vehA       7.96 Processing object ID: 1
  Position: (1808.06, 9287.3)
  Distance: 14.4934 m
  Object external ID: vehB
  Number of sensors detecting this object: 1
    Sensor type: Radar

      vehA       7.96 Calculating TTC:
  Host position: (1819.85, 9278.87)
  Host speed: 19.8829 m/s
  Tracking ID: 1
  Number of sensors: 1
  Sensor type: Radar
  Tracking time: 5.2 to 7.9
  Number of detected objects: 1
    Object ID: vehB
    Object Position: (1808.06, 9287.3)
  Detected object not found. Returning infinity.

      vehA       7.96 TTC calculation results:
  Calculated TTC: infs
  Decision: No significant risk detected

      vehA       7.96 
