        18       0.10 SpeedAlertReceiverService initialized
 CaService       0.10 CaService initialized  successfully
        91       5.10 SpeedAlertReceiverService initialized
 CaService       5.10 CaService initialized  successfully
       164      11.10 SpeedAlertReceiverService initialized
 CaService      11.10 CaService initialized  successfully
       237      25.40 SpeedAlertReceiverService initialized
 CaService      25.40 CaService initialized  successfully
       310      31.00 SpeedAlertReceiverService initialized
 CaService      31.00 CaService initialized  successfully
       383      41.20 SpeedAlertReceiverService initialized
 CaService      41.20 CaService initialized  successfully
       456      46.20 SpeedAlertReceiverService initialized
 CaService      46.20 CaService initialized  successfully
       529      83.80 SpeedAlertReceiverService initialized
 CaService      83.80 CaService initialized  successfully
       602      89.90 SpeedAlertReceiverService initialized
 CaService      89.90 CaService initialized  successfully
       675      90.30 SpeedAlertReceiverService initialized
 CaService      90.30 CaService initialized  successfully
       748      92.10 SpeedAlertReceiverService initialized
 CaService      92.10 CaService initialized  successfully
       821      93.00 SpeedAlertReceiverService initialized
 CaService      93.00 CaService initialized  successfully
       894      93.70 SpeedAlertReceiverService initialized
 CaService      93.70 CaService initialized  successfully
       967     100.10 SpeedAlertReceiverService initialized
 CaService     100.10 CaService initialized  successfully
      1040     102.20 SpeedAlertReceiverService initialized
 CaService     102.20 CaService initialized  successfully
